#
# There is insufficient memory for the Java Runtime Environment to continue.
# Native memory allocation (mmap) failed to map 1431830528 bytes for committing reserved memory.
# Possible reasons:
#   The system is out of physical RAM or swap space
#   In 32 bit mode, the process size limit was hit
# Possible solutions:
#   Reduce memory load on the system
#   Increase physical memory or swap space
#   Check if swap backing store is full
#   Use 64 bit Java on a 64 bit OS
#   Decrease Java heap size (-Xmx/-Xms)
#   Decrease number of Java threads
#   Decrease Java thread stack sizes (-Xss)
#   Set larger code cache with -XX:ReservedCodeCacheSize=
# This output file may be truncated or incomplete.
#
#  Out of Memory Error (os_linux.cpp:2651), pid=7435, tid=0x00007f8380e1b700
#
# JRE version:  (8.0_131-b12) (build )
# Java VM: OpenJDK 64-Bit Server VM (25.131-b12 mixed mode linux-amd64 compressed oops)
# Failed to write core dump. Core dumps have been disabled. To enable core dumping, try "ulimit -c unlimited" before starting Java again
#

---------------  T H R E A D  ---------------

Current thread (0x00007f8378009000):  JavaThread "Unknown thread" [_thread_in_vm, id=7436, stack(0x00007f8380d1b000,0x00007f8380e1c000)]

Stack: [0x00007f8380d1b000,0x00007f8380e1c000],  sp=0x00007f8380e1a5c0,  free space=1021k
Native frames: (J=compiled Java code, j=interpreted, Vv=VM code, C=native code)
V  [libjvm.so+0xa1520d]
V  [libjvm.so+0x4c79ca]
V  [libjvm.so+0x8757b0]
V  [libjvm.so+0x86feae]
V  [libjvm.so+0x8e7ccb]
V  [libjvm.so+0x8d97c8]
V  [libjvm.so+0x2ca943]
V  [libjvm.so+0x899ee0]
V  [libjvm.so+0x9df509]
V  [libjvm.so+0x9df712]
V  [libjvm.so+0x5f3655]
V  [libjvm.so+0x9c2e1e]
V  [libjvm.so+0x66665f]  JNI_CreateJavaVM+0x5f
C  [libjli.so+0x3057]
C  [libpthread.so.0+0x7dc5]  start_thread+0xc5


---------------  P R O C E S S  ---------------

Java Threads: ( => current thread )

Other Threads:

=>0x00007f8378009000 (exited) JavaThread "Unknown thread" [_thread_in_vm, id=7436, stack(0x00007f8380d1b000,0x00007f8380e1c000)]

VM state:not at safepoint (not fully initialized)

VM Mutex/Monitor currently owned by a thread: None

GC Heap History (0 events):
No events

Deoptimization events (0 events):
No events

Internal exceptions (0 events):
No events

Events (0 events):
No events


Dynamic libraries:
00400000-00401000 r-xp 00000000 fd:00 833101                             /usr/lib/jvm/java-1.8.0-openjdk-1.8.0.131-3.b12.el7_3.x86_64/jre/bin/java
00600000-00601000 r--p 00000000 fd:00 833101                             /usr/lib/jvm/java-1.8.0-openjdk-1.8.0.131-3.b12.el7_3.x86_64/jre/bin/java
00601000-00602000 rw-p 00001000 fd:00 833101                             /usr/lib/jvm/java-1.8.0-openjdk-1.8.0.131-3.b12.el7_3.x86_64/jre/bin/java
012c7000-012e8000 rw-p 00000000 00:00 0                                  [heap]
d5780000-580100000 ---p 00000000 00:00 0 
580100000-5aab80000 rw-p 00000000 00:00 0 
5aab80000-800000000 ---p 00000000 00:00 0 
7f8365400000-7f8367bff000 ---p 00000000 00:00 0 
7f8367bff000-7f8367d55000 rw-p 00000000 00:00 0 
7f8367d55000-7f8368fff000 ---p 00000000 00:00 0 
7f8368fff000-7f8369000000 rw-p 00000000 00:00 0 
7f8369000000-7f8369270000 rwxp 00000000 00:00 0 
7f8369270000-7f8378000000 ---p 00000000 00:00 0 
7f8378000000-7f8378030000 rw-p 00000000 00:00 0 
7f8378030000-7f837c000000 ---p 00000000 00:00 0 
7f837dabe000-7f837dac8000 rw-p 00000000 00:00 0 
7f837dac8000-7f837de7e000 ---p 00000000 00:00 0 
7f837de7e000-7f837de86000 r-xp 00000000 fd:00 75392501                   /usr/lib/jvm/java-1.8.0-openjdk-1.8.0.131-3.b12.el7_3.x86_64/jre/lib/amd64/libzip.so
7f837de86000-7f837e085000 ---p 00008000 fd:00 75392501                   /usr/lib/jvm/java-1.8.0-openjdk-1.8.0.131-3.b12.el7_3.x86_64/jre/lib/amd64/libzip.so
7f837e085000-7f837e086000 r--p 00007000 fd:00 75392501                   /usr/lib/jvm/java-1.8.0-openjdk-1.8.0.131-3.b12.el7_3.x86_64/jre/lib/amd64/libzip.so
7f837e086000-7f837e087000 rw-p 00008000 fd:00 75392501                   /usr/lib/jvm/java-1.8.0-openjdk-1.8.0.131-3.b12.el7_3.x86_64/jre/lib/amd64/libzip.so
7f837e087000-7f837e093000 r-xp 00000000 fd:00 201329077                  /usr/lib64/libnss_files-2.17.so
7f837e093000-7f837e292000 ---p 0000c000 fd:00 201329077                  /usr/lib64/libnss_files-2.17.so
7f837e292000-7f837e293000 r--p 0000b000 fd:00 201329077                  /usr/lib64/libnss_files-2.17.so
7f837e293000-7f837e294000 rw-p 0000c000 fd:00 201329077                  /usr/lib64/libnss_files-2.17.so
7f837e294000-7f837e29a000 rw-p 00000000 00:00 0 
7f837e29a000-7f837e2c7000 r-xp 00000000 fd:00 75392483                   /usr/lib/jvm/java-1.8.0-openjdk-1.8.0.131-3.b12.el7_3.x86_64/jre/lib/amd64/libjava.so
7f837e2c7000-7f837e4c7000 ---p 0002d000 fd:00 75392483                   /usr/lib/jvm/java-1.8.0-openjdk-1.8.0.131-3.b12.el7_3.x86_64/jre/lib/amd64/libjava.so
7f837e4c7000-7f837e4c8000 r--p 0002d000 fd:00 75392483                   /usr/lib/jvm/java-1.8.0-openjdk-1.8.0.131-3.b12.el7_3.x86_64/jre/lib/amd64/libjava.so
7f837e4c8000-7f837e4ca000 rw-p 0002e000 fd:00 75392483                   /usr/lib/jvm/java-1.8.0-openjdk-1.8.0.131-3.b12.el7_3.x86_64/jre/lib/amd64/libjava.so
7f837e4ca000-7f837e4d7000 r-xp 00000000 fd:00 75392500                   /usr/lib/jvm/java-1.8.0-openjdk-1.8.0.131-3.b12.el7_3.x86_64/jre/lib/amd64/libverify.so
7f837e4d7000-7f837e6d6000 ---p 0000d000 fd:00 75392500                   /usr/lib/jvm/java-1.8.0-openjdk-1.8.0.131-3.b12.el7_3.x86_64/jre/lib/amd64/libverify.so
7f837e6d6000-7f837e6d8000 r--p 0000c000 fd:00 75392500                   /usr/lib/jvm/java-1.8.0-openjdk-1.8.0.131-3.b12.el7_3.x86_64/jre/lib/amd64/libverify.so
7f837e6d8000-7f837e6d9000 rw-p 0000e000 fd:00 75392500                   /usr/lib/jvm/java-1.8.0-openjdk-1.8.0.131-3.b12.el7_3.x86_64/jre/lib/amd64/libverify.so
7f837e6d9000-7f837e6e0000 r-xp 00000000 fd:00 201329103                  /usr/lib64/librt-2.17.so
7f837e6e0000-7f837e8df000 ---p 00007000 fd:00 201329103                  /usr/lib64/librt-2.17.so
7f837e8df000-7f837e8e0000 r--p 00006000 fd:00 201329103                  /usr/lib64/librt-2.17.so
7f837e8e0000-7f837e8e1000 rw-p 00007000 fd:00 201329103                  /usr/lib64/librt-2.17.so
7f837e8e1000-7f837e8f6000 r-xp 00000000 fd:00 202900739                  /usr/lib64/libgcc_s-4.8.5-20150702.so.1
7f837e8f6000-7f837eaf5000 ---p 00015000 fd:00 202900739                  /usr/lib64/libgcc_s-4.8.5-20150702.so.1
7f837eaf5000-7f837eaf6000 r--p 00014000 fd:00 202900739                  /usr/lib64/libgcc_s-4.8.5-20150702.so.1
7f837eaf6000-7f837eaf7000 rw-p 00015000 fd:00 202900739                  /usr/lib64/libgcc_s-4.8.5-20150702.so.1
7f837eaf7000-7f837ebf7000 r-xp 00000000 fd:00 201327303                  /usr/lib64/libm-2.17.so
7f837ebf7000-7f837edf7000 ---p 00100000 fd:00 201327303                  /usr/lib64/libm-2.17.so
7f837edf7000-7f837edf8000 r--p 00100000 fd:00 201327303                  /usr/lib64/libm-2.17.so
7f837edf8000-7f837edf9000 rw-p 00101000 fd:00 201327303                  /usr/lib64/libm-2.17.so
7f837edf9000-7f837ef00000 r-xp 00000000 fd:02 6685842508                 /users/rock101980/slog/tool/sla/String-Length-Analyzer/bin/lib/libstdc++.so.6
7f837ef00000-7f837f0ff000 ---p 00107000 fd:02 6685842508                 /users/rock101980/slog/tool/sla/String-Length-Analyzer/bin/lib/libstdc++.so.6
7f837f0ff000-7f837f107000 r--p 00106000 fd:02 6685842508                 /users/rock101980/slog/tool/sla/String-Length-Analyzer/bin/lib/libstdc++.so.6
7f837f107000-7f837f109000 rw-p 0010e000 fd:02 6685842508                 /users/rock101980/slog/tool/sla/String-Length-Analyzer/bin/lib/libstdc++.so.6
7f837f109000-7f837f10c000 rw-p 00000000 00:00 0 
7f837f10c000-7f837fd1e000 r-xp 00000000 fd:00 1641408                    /usr/lib/jvm/java-1.8.0-openjdk-1.8.0.131-3.b12.el7_3.x86_64/jre/lib/amd64/server/libjvm.so
7f837fd1e000-7f837ff1d000 ---p 00c12000 fd:00 1641408                    /usr/lib/jvm/java-1.8.0-openjdk-1.8.0.131-3.b12.el7_3.x86_64/jre/lib/amd64/server/libjvm.so
7f837ff1d000-7f837ffbc000 r--p 00c11000 fd:00 1641408                    /usr/lib/jvm/java-1.8.0-openjdk-1.8.0.131-3.b12.el7_3.x86_64/jre/lib/amd64/server/libjvm.so
7f837ffbc000-7f837ffe5000 rw-p 00cb0000 fd:00 1641408                    /usr/lib/jvm/java-1.8.0-openjdk-1.8.0.131-3.b12.el7_3.x86_64/jre/lib/amd64/server/libjvm.so
7f837ffe5000-7f8380017000 rw-p 00000000 00:00 0 
7f8380017000-7f83801ce000 r-xp 00000000 fd:00 201327231                  /usr/lib64/libc-2.17.so
7f83801ce000-7f83803cd000 ---p 001b7000 fd:00 201327231                  /usr/lib64/libc-2.17.so
7f83803cd000-7f83803d1000 r--p 001b6000 fd:00 201327231                  /usr/lib64/libc-2.17.so
7f83803d1000-7f83803d3000 rw-p 001ba000 fd:00 201327231                  /usr/lib64/libc-2.17.so
7f83803d3000-7f83803d8000 rw-p 00000000 00:00 0 
7f83803d8000-7f83803da000 r-xp 00000000 fd:00 201327301                  /usr/lib64/libdl-2.17.so
7f83803da000-7f83805da000 ---p 00002000 fd:00 201327301                  /usr/lib64/libdl-2.17.so
7f83805da000-7f83805db000 r--p 00002000 fd:00 201327301                  /usr/lib64/libdl-2.17.so
7f83805db000-7f83805dc000 rw-p 00003000 fd:00 201327301                  /usr/lib64/libdl-2.17.so
7f83805dc000-7f83805ea000 r-xp 00000000 fd:00 221134248                  /usr/lib/jvm/java-1.8.0-openjdk-1.8.0.131-3.b12.el7_3.x86_64/jre/lib/amd64/jli/libjli.so
7f83805ea000-7f83807e9000 ---p 0000e000 fd:00 221134248                  /usr/lib/jvm/java-1.8.0-openjdk-1.8.0.131-3.b12.el7_3.x86_64/jre/lib/amd64/jli/libjli.so
7f83807e9000-7f83807ea000 r--p 0000d000 fd:00 221134248                  /usr/lib/jvm/java-1.8.0-openjdk-1.8.0.131-3.b12.el7_3.x86_64/jre/lib/amd64/jli/libjli.so
7f83807ea000-7f83807eb000 rw-p 0000e000 fd:00 221134248                  /usr/lib/jvm/java-1.8.0-openjdk-1.8.0.131-3.b12.el7_3.x86_64/jre/lib/amd64/jli/libjli.so
7f83807eb000-7f8380800000 r-xp 00000000 fd:00 201331411                  /usr/lib64/libz.so.1.2.7
7f8380800000-7f83809ff000 ---p 00015000 fd:00 201331411                  /usr/lib64/libz.so.1.2.7
7f83809ff000-7f8380a00000 r--p 00014000 fd:00 201331411                  /usr/lib64/libz.so.1.2.7
7f8380a00000-7f8380a01000 rw-p 00015000 fd:00 201331411                  /usr/lib64/libz.so.1.2.7
7f8380a01000-7f8380a18000 r-xp 00000000 fd:00 201329099                  /usr/lib64/libpthread-2.17.so
7f8380a18000-7f8380c17000 ---p 00017000 fd:00 201329099                  /usr/lib64/libpthread-2.17.so
7f8380c17000-7f8380c18000 r--p 00016000 fd:00 201329099                  /usr/lib64/libpthread-2.17.so
7f8380c18000-7f8380c19000 rw-p 00017000 fd:00 201329099                  /usr/lib64/libpthread-2.17.so
7f8380c19000-7f8380c1d000 rw-p 00000000 00:00 0 
7f8380c1d000-7f8380c3d000 r-xp 00000000 fd:00 201327216                  /usr/lib64/ld-2.17.so
7f8380d1b000-7f8380d1e000 ---p 00000000 00:00 0 
7f8380d1e000-7f8380e21000 rw-p 00000000 00:00 0                          [stack:7436]
7f8380e2f000-7f8380e32000 rw-p 00000000 00:00 0 
7f8380e32000-7f8380e3a000 rw-s 00000000 fd:00 136296366                  /tmp/hsperfdata_rock101980/7435
7f8380e3a000-7f8380e3b000 rw-p 00000000 00:00 0 
7f8380e3b000-7f8380e3c000 r--p 00000000 00:00 0 
7f8380e3c000-7f8380e3d000 rw-p 00000000 00:00 0 
7f8380e3d000-7f8380e3e000 r--p 00020000 fd:00 201327216                  /usr/lib64/ld-2.17.so
7f8380e3e000-7f8380e3f000 rw-p 00021000 fd:00 201327216                  /usr/lib64/ld-2.17.so
7f8380e3f000-7f8380e40000 rw-p 00000000 00:00 0 
7ffc3a21c000-7ffc3a33d000 rw-p 00000000 00:00 0                          [stack]
7ffc3a3fd000-7ffc3a3ff000 r-xp 00000000 00:00 0                          [vdso]
ffffffffff600000-ffffffffff601000 r-xp 00000000 00:00 0                  [vsyscall]

VM Arguments:
java_command: bin/regex2blif/target/regex2blif-0.0.1-SNAPSHOT.jar -r \u0020\u0041\u004e\u0044\u0020\u0061\u0064\u006d\u0069\u006e\u005f\u006c\u0069\u006e\u006b\u0021\u003d\u0027\u0072\u0065\u0073\u0065\u0072\u0076\u0065\u0064\u0027\u0020\u0041\u004e\u0044\u0020\u0061\u0064\u006d\u0069\u006e\u005f\u0070\u0061\u0067\u0065\u003d\u0027\u0033\u0027 -d benchmark/laut/e-str-rep-new/19595/literal_42.dot -o tmp/garbage -l FATAL
java_class_path (initial): bin/regex2blif/target/regex2blif-0.0.1-SNAPSHOT.jar
Launcher Type: SUN_STANDARD

Environment Variables:
PATH=/users/rock101980/tensorflow/bin:/users/rock101980/slog/tool/sla/String-Length-Analyzer/bin/z3-z3-4.4.1.0/build/:/usr/local/bin:/usr/bin:/usr/local/sbin:/usr/sbin:/users/rock101980/.local/bin:/users/rock101980/bin:/users/rock101980/.local/espresso
LD_LIBRARY_PATH=/users/rock101980/slog/tool/sla/String-Length-Analyzer/bin/z3-z3-4.4.1.0/build:/users/rock101980/slog/tool/sla/String-Length-Analyzer/bin/lib
SHELL=/bin/bash
DISPLAY=localhost:10.0

Signal Handlers:
SIGSEGV: [libjvm.so+0xa15d20], sa_mask[0]=11111111011111111101111111111110, sa_flags=SA_RESTART|SA_SIGINFO
SIGBUS: [libjvm.so+0xa15d20], sa_mask[0]=11111111011111111101111111111110, sa_flags=SA_RESTART|SA_SIGINFO
SIGFPE: [libjvm.so+0x871070], sa_mask[0]=11111111011111111101111111111110, sa_flags=SA_RESTART|SA_SIGINFO
SIGPIPE: [libjvm.so+0x871070], sa_mask[0]=11111111011111111101111111111110, sa_flags=SA_RESTART|SA_SIGINFO
SIGXFSZ: [libjvm.so+0x871070], sa_mask[0]=11111111011111111101111111111110, sa_flags=SA_RESTART|SA_SIGINFO
SIGILL: [libjvm.so+0x871070], sa_mask[0]=11111111011111111101111111111110, sa_flags=SA_RESTART|SA_SIGINFO
SIGUSR1: SIG_DFL, sa_mask[0]=00000000000000000000000000000000, sa_flags=none
SIGUSR2: [libjvm.so+0x870f20], sa_mask[0]=00000000000000000000000000000000, sa_flags=SA_RESTART|SA_SIGINFO
SIGHUP: SIG_DFL, sa_mask[0]=00000000000000000000000000000000, sa_flags=none
SIGINT: SIG_DFL, sa_mask[0]=00000000000000000000000000000000, sa_flags=none
SIGTERM: SIG_DFL, sa_mask[0]=00000000000000000000000000000000, sa_flags=none
SIGQUIT: SIG_DFL, sa_mask[0]=00000000000000000000000000000000, sa_flags=none


---------------  S Y S T E M  ---------------

OS:CentOS Linux release 7.3.1611 (Core) 

uname:Linux 3.10.0-514.26.1.el7.x86_64 #1 SMP Thu Jun 29 16:05:25 UTC 2017 x86_64
libc:glibc 2.17 NPTL 2.17 
rlimit: STACK 8192k, CORE 0k, NPROC 4096, NOFILE 4096, AS infinity
load average:29.35 30.90 41.02

/proc/meminfo:
MemTotal:       214408248 kB
MemFree:         1387324 kB
MemAvailable:    1055264 kB
Buffers:               0 kB
Cached:           414576 kB
SwapCached:        92652 kB
Active:         207212288 kB
Inactive:        3751712 kB
Active(anon):   207071544 kB
Inactive(anon):  3584332 kB
Active(file):     140744 kB
Inactive(file):   167380 kB
Unevictable:           0 kB
Mlocked:               0 kB
SwapTotal:       4194300 kB
SwapFree:            600 kB
Dirty:                 0 kB
Writeback:             0 kB
AnonPages:      210474568 kB
Mapped:            51884 kB
Shmem:            106232 kB
Slab:             213240 kB
SReclaimable:      69200 kB
SUnreclaim:       144040 kB
KernelStack:       11600 kB
PageTables:       463548 kB
NFS_Unstable:          0 kB
Bounce:                0 kB
WritebackTmp:          0 kB
CommitLimit:    111398424 kB
Committed_AS:   233316104 kB
VmallocTotal:   34359738367 kB
VmallocUsed:      683696 kB
VmallocChunk:   34249902076 kB
HardwareCorrupted:     0 kB
AnonHugePages:   5525504 kB
HugePages_Total:       0
HugePages_Free:        0
HugePages_Rsvd:        0
HugePages_Surp:        0
Hugepagesize:       2048 kB
DirectMap4k:      328624 kB
DirectMap2M:    37394432 kB
DirectMap1G:    182452224 kB


CPU:total 24 (initial active 24) (6 cores per cpu, 2 threads per core) family 6 model 45 stepping 7, cmov, cx8, fxsr, mmx, sse, sse2, sse3, ssse3, sse4.1, sse4.2, popcnt, avx, aes, clmul, ht, tsc, tscinvbit, tscinv

/proc/cpuinfo:
processor	: 0
vendor_id	: GenuineIntel
cpu family	: 6
model		: 45
model name	: Intel(R) Xeon(R) CPU E5-2630 0 @ 2.30GHz
stepping	: 7
microcode	: 0x710
cpu MHz		: 2599.988
cache size	: 15360 KB
physical id	: 0
siblings	: 12
core id		: 0
cpu cores	: 6
apicid		: 0
initial apicid	: 0
fpu		: yes
fpu_exception	: yes
cpuid level	: 13
wp		: yes
flags		: fpu vme de pse tsc msr pae mce cx8 apic sep mtrr pge mca cmov pat pse36 clflush dts acpi mmx fxsr sse sse2 ss ht tm pbe syscall nx pdpe1gb rdtscp lm constant_tsc arch_perfmon pebs bts rep_good nopl xtopology nonstop_tsc aperfmperf eagerfpu pni pclmulqdq dtes64 monitor ds_cpl vmx smx est tm2 ssse3 cx16 xtpr pdcm pcid dca sse4_1 sse4_2 x2apic popcnt tsc_deadline_timer aes xsave avx lahf_lm ida arat epb pln pts dtherm tpr_shadow vnmi flexpriority ept vpid xsaveopt
bogomips	: 4600.26
clflush size	: 64
cache_alignment	: 64
address sizes	: 46 bits physical, 48 bits virtual
power management:

processor	: 1
vendor_id	: GenuineIntel
cpu family	: 6
model		: 45
model name	: Intel(R) Xeon(R) CPU E5-2630 0 @ 2.30GHz
stepping	: 7
microcode	: 0x710
cpu MHz		: 2599.988
cache size	: 15360 KB
physical id	: 0
siblings	: 12
core id		: 1
cpu cores	: 6
apicid		: 2
initial apicid	: 2
fpu		: yes
fpu_exception	: yes
cpuid level	: 13
wp		: yes
flags		: fpu vme de pse tsc msr pae mce cx8 apic sep mtrr pge mca cmov pat pse36 clflush dts acpi mmx fxsr sse sse2 ss ht tm pbe syscall nx pdpe1gb rdtscp lm constant_tsc arch_perfmon pebs bts rep_good nopl xtopology nonstop_tsc aperfmperf eagerfpu pni pclmulqdq dtes64 monitor ds_cpl vmx smx est tm2 ssse3 cx16 xtpr pdcm pcid dca sse4_1 sse4_2 x2apic popcnt tsc_deadline_timer aes xsave avx lahf_lm ida arat epb pln pts dtherm tpr_shadow vnmi flexpriority ept vpid xsaveopt
bogomips	: 4600.26
clflush size	: 64
cache_alignment	: 64
address sizes	: 46 bits physical, 48 bits virtual
power management:

processor	: 2
vendor_id	: GenuineIntel
cpu family	: 6
model		: 45
model name	: Intel(R) Xeon(R) CPU E5-2630 0 @ 2.30GHz
stepping	: 7
microcode	: 0x710
cpu MHz		: 2599.988
cache size	: 15360 KB
physical id	: 0
siblings	: 12
core id		: 2
cpu cores	: 6
apicid		: 4
initial apicid	: 4
fpu		: yes
fpu_exception	: yes
cpuid level	: 13
wp		: yes
flags		: fpu vme de pse tsc msr pae mce cx8 apic sep mtrr pge mca cmov pat pse36 clflush dts acpi mmx fxsr sse sse2 ss ht tm pbe syscall nx pdpe1gb rdtscp lm constant_tsc arch_perfmon pebs bts rep_good nopl xtopology nonstop_tsc aperfmperf eagerfpu pni pclmulqdq dtes64 monitor ds_cpl vmx smx est tm2 ssse3 cx16 xtpr pdcm pcid dca sse4_1 sse4_2 x2apic popcnt tsc_deadline_timer aes xsave avx lahf_lm ida arat epb pln pts dtherm tpr_shadow vnmi flexpriority ept vpid xsaveopt
bogomips	: 4600.26
clflush size	: 64
cache_alignment	: 64
address sizes	: 46 bits physical, 48 bits virtual
power management:

processor	: 3
vendor_id	: GenuineIntel
cpu family	: 6
model		: 45
model name	: Intel(R) Xeon(R) CPU E5-2630 0 @ 2.30GHz
stepping	: 7
microcode	: 0x710
cpu MHz		: 2599.988
cache size	: 15360 KB
physical id	: 0
siblings	: 12
core id		: 3
cpu cores	: 6
apicid		: 6
initial apicid	: 6
fpu		: yes
fpu_exception	: yes
cpuid level	: 13
wp		: yes
flags		: fpu vme de pse tsc msr pae mce cx8 apic sep mtrr pge mca cmov pat pse36 clflush dts acpi mmx fxsr sse sse2 ss ht tm pbe syscall nx pdpe1gb rdtscp lm constant_tsc arch_perfmon pebs bts rep_good nopl xtopology nonstop_tsc aperfmperf eagerfpu pni pclmulqdq dtes64 monitor ds_cpl vmx smx est tm2 ssse3 cx16 xtpr pdcm pcid dca sse4_1 sse4_2 x2apic popcnt tsc_deadline_timer aes xsave avx lahf_lm ida arat epb pln pts dtherm tpr_shadow vnmi flexpriority ept vpid xsaveopt
bogomips	: 4600.26
clflush size	: 64
cache_alignment	: 64
address sizes	: 46 bits physical, 48 bits virtual
power management:

processor	: 4
vendor_id	: GenuineIntel
cpu family	: 6
model		: 45
model name	: Intel(R) Xeon(R) CPU E5-2630 0 @ 2.30GHz
stepping	: 7
microcode	: 0x710
cpu MHz		: 2599.988
cache size	: 15360 KB
physical id	: 0
siblings	: 12
core id		: 4
cpu cores	: 6
apicid		: 8
initial apicid	: 8
fpu		: yes
fpu_exception	: yes
cpuid level	: 13
wp		: yes
flags		: fpu vme de pse tsc msr pae mce cx8 apic sep mtrr pge mca cmov pat pse36 clflush dts acpi mmx fxsr sse sse2 ss ht tm pbe syscall nx pdpe1gb rdtscp lm constant_tsc arch_perfmon pebs bts rep_good nopl xtopology nonstop_tsc aperfmperf eagerfpu pni pclmulqdq dtes64 monitor ds_cpl vmx smx est tm2 ssse3 cx16 xtpr pdcm pcid dca sse4_1 sse4_2 x2apic popcnt tsc_deadline_timer aes xsave avx lahf_lm ida arat epb pln pts dtherm tpr_shadow vnmi flexpriority ept vpid xsaveopt
bogomips	: 4600.26
clflush size	: 64
cache_alignment	: 64
address sizes	: 46 bits physical, 48 bits virtual
power management:

processor	: 5
vendor_id	: GenuineIntel
cpu family	: 6
model		: 45
model name	: Intel(R) Xeon(R) CPU E5-2630 0 @ 2.30GHz
stepping	: 7
microcode	: 0x710
cpu MHz		: 2599.988
cache size	: 15360 KB
physical id	: 0
siblings	: 12
core id		: 5
cpu cores	: 6
apicid		: 10
initial apicid	: 10
fpu		: yes
fpu_exception	: yes
cpuid level	: 13
wp		: yes
flags		: fpu vme de pse tsc msr pae mce cx8 apic sep mtrr pge mca cmov pat pse36 clflush dts acpi mmx fxsr sse sse2 ss ht tm pbe syscall nx pdpe1gb rdtscp lm constant_tsc arch_perfmon pebs bts rep_good nopl xtopology nonstop_tsc aperfmperf eagerfpu pni pclmulqdq dtes64 monitor ds_cpl vmx smx est tm2 ssse3 cx16 xtpr pdcm pcid dca sse4_1 sse4_2 x2apic popcnt tsc_deadline_timer aes xsave avx lahf_lm ida arat epb pln pts dtherm tpr_shadow vnmi flexpriority ept vpid xsaveopt
bogomips	: 4600.26
clflush size	: 64
cache_alignment	: 64
address sizes	: 46 bits physical, 48 bits virtual
power management:

processor	: 6
vendor_id	: GenuineIntel
cpu family	: 6
model		: 45
model name	: Intel(R) Xeon(R) CPU E5-2630 0 @ 2.30GHz
stepping	: 7
microcode	: 0x710
cpu MHz		: 2599.988
cache size	: 15360 KB
physical id	: 1
siblings	: 12
core id		: 0
cpu cores	: 6
apicid		: 32
initial apicid	: 32
fpu		: yes
fpu_exception	: yes
cpuid level	: 13
wp		: yes
flags		: fpu vme de pse tsc msr pae mce cx8 apic sep mtrr pge mca cmov pat pse36 clflush dts acpi mmx fxsr sse sse2 ss ht tm pbe syscall nx pdpe1gb rdtscp lm constant_tsc arch_perfmon pebs bts rep_good nopl xtopology nonstop_tsc aperfmperf eagerfpu pni pclmulqdq dtes64 monitor ds_cpl vmx smx est tm2 ssse3 cx16 xtpr pdcm pcid dca sse4_1 sse4_2 x2apic popcnt tsc_deadline_timer aes xsave avx lahf_lm ida arat epb pln pts dtherm tpr_shadow vnmi flexpriority ept vpid xsaveopt
bogomips	: 4605.10
clflush size	: 64
cache_alignment	: 64
address sizes	: 46 bits physical, 48 bits virtual
power management:

processor	: 7
vendor_id	: GenuineIntel
cpu family	: 6
model		: 45
model name	: Intel(R) Xeon(R) CPU E5-2630 0 @ 2.30GHz
stepping	: 7
microcode	: 0x710
cpu MHz		: 2599.988
cache size	: 15360 KB
physical id	: 1
siblings	: 12
core id		: 1
cpu cores	: 6
apicid		: 34
initial apicid	: 34
fpu		: yes
fpu_exception	: yes
cpuid level	: 13
wp		: yes
flags		: fpu vme de pse tsc msr pae mce cx8 apic sep mtrr pge mca cmov pat pse36 clflush dts acpi mmx fxsr sse sse2 ss ht tm pbe syscall nx pdpe1gb rdtscp lm constant_tsc arch_perfmon pebs bts rep_good nopl xtopology nonstop_tsc aperfmperf eagerfpu pni pclmulqdq dtes64 monitor ds_cpl vmx smx est tm2 ssse3 cx16 xtpr pdcm pcid dca sse4_1 sse4_2 x2apic popcnt tsc_deadline_timer aes xsave avx lahf_lm ida arat epb pln pts dtherm tpr_shadow vnmi flexpriority ept vpid xsaveopt
bogomips	: 4605.10
clflush size	: 64
cache_alignment	: 64
address sizes	: 46 bits physical, 48 bits virtual
power management:

processor	: 8
vendor_id	: GenuineIntel
cpu family	: 6
model		: 45
model name	: Intel(R) Xeon(R) CPU E5-2630 0 @ 2.30GHz
stepping	: 7
microcode	: 0x710
cpu MHz		: 2599.988
cache size	: 15360 KB
physical id	: 1
siblings	: 12
core id		: 2
cpu cores	: 6
apicid		: 36
initial apicid	: 36
fpu		: yes
fpu_exception	: yes
cpuid level	: 13
wp		: yes
flags		: fpu vme de pse tsc msr pae mce cx8 apic sep mtrr pge mca cmov pat pse36 clflush dts acpi mmx fxsr sse sse2 ss ht tm pbe syscall nx pdpe1gb rdtscp lm constant_tsc arch_perfmon pebs bts rep_good nopl xtopology nonstop_tsc aperfmperf eagerfpu pni pclmulqdq dtes64 monitor ds_cpl vmx smx est tm2 ssse3 cx16 xtpr pdcm pcid dca sse4_1 sse4_2 x2apic popcnt tsc_deadline_timer aes xsave avx lahf_lm ida arat epb pln pts dtherm tpr_shadow vnmi flexpriority ept vpid xsaveopt
bogomips	: 4605.10
clflush size	: 64
cache_alignment	: 64
address sizes	: 46 bits physical, 48 bits virtual
power management:

processor	: 9
vendor_id	: GenuineIntel
cpu family	: 6
model		: 45
model name	: Intel(R) Xeon(R) CPU E5-2630 0 @ 2.30GHz
stepping	: 7
microcode	: 0x710
cpu MHz		: 2599.988
cache size	: 15360 KB
physical id	: 1
siblings	: 12
core id		: 3
cpu cores	: 6
apicid		: 38
initial apicid	: 38
fpu		: yes
fpu_exception	: yes
cpuid level	: 13
wp		: yes
flags		: fpu vme de pse tsc msr pae mce cx8 apic sep mtrr pge mca cmov pat pse36 clflush dts acpi mmx fxsr sse sse2 ss ht tm pbe syscall nx pdpe1gb rdtscp lm constant_tsc arch_perfmon pebs bts rep_good nopl xtopology nonstop_tsc aperfmperf eagerfpu pni pclmulqdq dtes64 monitor ds_cpl vmx smx est tm2 ssse3 cx16 xtpr pdcm pcid dca sse4_1 sse4_2 x2apic popcnt tsc_deadline_timer aes xsave avx lahf_lm ida arat epb pln pts dtherm tpr_shadow vnmi flexpriority ept vpid xsaveopt
bogomips	: 4605.10
clflush size	: 64
cache_alignment	: 64
address sizes	: 46 bits physical, 48 bits virtual
power management:

processor	: 10
vendor_id	: GenuineIntel
cpu family	: 6
model		: 45
model name	: Intel(R) Xeon(R) CPU E5-2630 0 @ 2.30GHz
stepping	: 7
microcode	: 0x710
cpu MHz		: 2599.988
cache size	: 15360 KB
physical id	: 1
siblings	: 12
core id		: 4
cpu cores	: 6
apicid		: 40
initial apicid	: 40
fpu		: yes
fpu_exception	: yes
cpuid level	: 13
wp		: yes
flags		: fpu vme de pse tsc msr pae mce cx8 apic sep mtrr pge mca cmov pat pse36 clflush dts acpi mmx fxsr sse sse2 ss ht tm pbe syscall nx pdpe1gb rdtscp lm constant_tsc arch_perfmon pebs bts rep_good nopl xtopology nonstop_tsc aperfmperf eagerfpu pni pclmulqdq dtes64 monitor ds_cpl vmx smx est tm2 ssse3 cx16 xtpr pdcm pcid dca sse4_1 sse4_2 x2apic popcnt tsc_deadline_timer aes xsave avx lahf_lm ida arat epb pln pts dtherm tpr_shadow vnmi flexpriority ept vpid xsaveopt
bogomips	: 4605.10
clflush size	: 64
cache_alignment	: 64
address sizes	: 46 bits physical, 48 bits virtual
power management:

processor	: 11
vendor_id	: GenuineIntel
cpu family	: 6
model		: 45
model name	: Intel(R) Xeon(R) CPU E5-2630 0 @ 2.30GHz
stepping	: 7
microcode	: 0x710
cpu MHz		: 2599.988
cache size	: 15360 KB
physical id	: 1
siblings	: 12
core id		: 5
cpu cores	: 6
apicid		: 42
initial apicid	: 42
fpu		: yes
fpu_exception	: yes
cpuid level	: 13
wp		: yes
flags		: fpu vme de pse tsc msr pae mce cx8 apic sep mtrr pge mca cmov pat pse36 clflush dts acpi mmx fxsr sse sse2 ss ht tm pbe syscall nx pdpe1gb rdtscp lm constant_tsc arch_perfmon pebs bts rep_good nopl xtopology nonstop_tsc aperfmperf eagerfpu pni pclmulqdq dtes64 monitor ds_cpl vmx smx est tm2 ssse3 cx16 xtpr pdcm pcid dca sse4_1 sse4_2 x2apic popcnt tsc_deadline_timer aes xsave avx lahf_lm ida arat epb pln pts dtherm tpr_shadow vnmi flexpriority ept vpid xsaveopt
bogomips	: 4605.10
clflush size	: 64
cache_alignment	: 64
address sizes	: 46 bits physical, 48 bits virtual
power management:

processor	: 12
vendor_id	: GenuineIntel
cpu family	: 6
model		: 45
model name	: Intel(R) Xeon(R) CPU E5-2630 0 @ 2.30GHz
stepping	: 7
microcode	: 0x710
cpu MHz		: 2599.988
cache size	: 15360 KB
physical id	: 0
siblings	: 12
core id		: 0
cpu cores	: 6
apicid		: 1
initial apicid	: 1
fpu		: yes
fpu_exception	: yes
cpuid level	: 13
wp		: yes
flags		: fpu vme de pse tsc msr pae mce cx8 apic sep mtrr pge mca cmov pat pse36 clflush dts acpi mmx fxsr sse sse2 ss ht tm pbe syscall nx pdpe1gb rdtscp lm constant_tsc arch_perfmon pebs bts rep_good nopl xtopology nonstop_tsc aperfmperf eagerfpu pni pclmulqdq dtes64 monitor ds_cpl vmx smx est tm2 ssse3 cx16 xtpr pdcm pcid dca sse4_1 sse4_2 x2apic popcnt tsc_deadline_timer aes xsave avx lahf_lm ida arat epb pln pts dtherm tpr_shadow vnmi flexpriority ept vpid xsaveopt
bogomips	: 4600.26
clflush size	: 64
cache_alignment	: 64
address sizes	: 46 bits physical, 48 bits virtual
power management:

processor	: 13
vendor_id	: GenuineIntel
cpu family	: 6
model		: 45
model name	: Intel(R) Xeon(R) CPU E5-2630 0 @ 2.30GHz
stepping	: 7
microcode	: 0x710
cpu MHz		: 2599.988
cache size	: 15360 KB
physical id	: 0
siblings	: 12
core id		: 1
cpu cores	: 6
apicid		: 3
initial apicid	: 3
fpu		: yes
fpu_exception	: yes
cpuid level	: 13
wp		: yes
flags		: fpu vme de pse tsc msr pae mce cx8 apic sep mtrr pge mca cmov pat pse36 clflush dts acpi mmx fxsr sse sse2 ss ht tm pbe syscall nx pdpe1gb rdtscp lm constant_tsc arch_perfmon pebs bts rep_good nopl xtopology nonstop_tsc aperfmperf eagerfpu pni pclmulqdq dtes64 monitor ds_cpl vmx smx est tm2 ssse3 cx16 xtpr pdcm pcid dca sse4_1 sse4_2 x2apic popcnt tsc_deadline_timer aes xsave avx lahf_lm ida arat epb pln pts dtherm tpr_shadow vnmi flexpriority ept vpid xsaveopt
bogomips	: 4600.26
clflush size	: 64
cache_alignment	: 64
address sizes	: 46 bits physical, 48 bits virtual
power management:

processor	: 14
vendor_id	: GenuineIntel
cpu family	: 6
model		: 45
model name	: Intel(R) Xeon(R) CPU E5-2630 0 @ 2.30GHz
stepping	: 7
microcode	: 0x710
cpu MHz		: 2599.988
cache size	: 15360 KB
physical id	: 0
siblings	: 12
core id		: 2
cpu cores	: 6
apicid		: 5
initial apicid	: 5
fpu		: yes
fpu_exception	: yes
cpuid level	: 13
wp		: yes
flags		: fpu vme de pse tsc msr pae mce cx8 apic sep mtrr pge mca cmov pat pse36 clflush dts acpi mmx fxsr sse sse2 ss ht tm pbe syscall nx pdpe1gb rdtscp lm constant_tsc arch_perfmon pebs bts rep_good nopl xtopology nonstop_tsc aperfmperf eagerfpu pni pclmulqdq dtes64 monitor ds_cpl vmx smx est tm2 ssse3 cx16 xtpr pdcm pcid dca sse4_1 sse4_2 x2apic popcnt tsc_deadline_timer aes xsave avx lahf_lm ida arat epb pln pts dtherm tpr_shadow vnmi flexpriority ept vpid xsaveopt
bogomips	: 4600.26
clflush size	: 64
cache_alignment	: 64
address sizes	: 46 bits physical, 48 bits virtual
power management:

processor	: 15
vendor_id	: GenuineIntel
cpu family	: 6
model		: 45
model name	: Intel(R) Xeon(R) CPU E5-2630 0 @ 2.30GHz
stepping	: 7
microcode	: 0x710
cpu MHz		: 2599.988
cache size	: 15360 KB
physical id	: 0
siblings	: 12
core id		: 3
cpu cores	: 6
apicid		: 7
initial apicid	: 7
fpu		: yes
fpu_exception	: yes
cpuid level	: 13
wp		: yes
flags		: fpu vme de pse tsc msr pae mce cx8 apic sep mtrr pge mca cmov pat pse36 clflush dts acpi mmx fxsr sse sse2 ss ht tm pbe syscall nx pdpe1gb rdtscp lm constant_tsc arch_perfmon pebs bts rep_good nopl xtopology nonstop_tsc aperfmperf eagerfpu pni pclmulqdq dtes64 monitor ds_cpl vmx smx est tm2 ssse3 cx16 xtpr pdcm pcid dca sse4_1 sse4_2 x2apic popcnt tsc_deadline_timer aes xsave avx lahf_lm ida arat epb pln pts dtherm tpr_shadow vnmi flexpriority ept vpid xsaveopt
bogomips	: 4600.26
clflush size	: 64
cache_alignment	: 64
address sizes	: 46 bits physical, 48 bits virtual
power management:

processor	: 16
vendor_id	: GenuineIntel
cpu family	: 6
model		: 45
model name	: Intel(R) Xeon(R) CPU E5-2630 0 @ 2.30GHz
stepping	: 7
microcode	: 0x710
cpu MHz		: 2599.988
cache size	: 15360 KB
physical id	: 0
siblings	: 12
core id		: 4
cpu cores	: 6
apicid		: 9
initial apicid	: 9
fpu		: yes
fpu_exception	: yes
cpuid level	: 13
wp		: yes
flags		: fpu vme de pse tsc msr pae mce cx8 apic sep mtrr pge mca cmov pat pse36 clflush dts acpi mmx fxsr sse sse2 ss ht tm pbe syscall nx pdpe1gb rdtscp lm constant_tsc arch_perfmon pebs bts rep_good nopl xtopology nonstop_tsc aperfmperf eagerfpu pni pclmulqdq dtes64 monitor ds_cpl vmx smx est tm2 ssse3 cx16 xtpr pdcm pcid dca sse4_1 sse4_2 x2apic popcnt tsc_deadline_timer aes xsave avx lahf_lm ida arat epb pln pts dtherm tpr_shadow vnmi flexpriority ept vpid xsaveopt
bogomips	: 4600.26
clflush size	: 64
cache_alignment	: 64
address sizes	: 46 bits physical, 48 bits virtual
power management:

processor	: 17
vendor_id	: GenuineIntel
cpu family	: 6
model		: 45
model name	: Intel(R) Xeon(R) CPU E5-2630 0 @ 2.30GHz
stepping	: 7
microcode	: 0x710
cpu MHz		: 2599.988
cache size	: 15360 KB
physical id	: 0
siblings	: 12
core id		: 5
cpu cores	: 6
apicid		: 11
initial apicid	: 11
fpu		: yes
fpu_exception	: yes
cpuid level	: 13
wp		: yes
flags		: fpu vme de pse tsc msr pae mce cx8 apic sep mtrr pge mca cmov pat pse36 clflush dts acpi mmx fxsr sse sse2 ss ht tm pbe syscall nx pdpe1gb rdtscp lm constant_tsc arch_perfmon pebs bts rep_good nopl xtopology nonstop_tsc aperfmperf eagerfpu pni pclmulqdq dtes64 monitor ds_cpl vmx smx est tm2 ssse3 cx16 xtpr pdcm pcid dca sse4_1 sse4_2 x2apic popcnt tsc_deadline_timer aes xsave avx lahf_lm ida arat epb pln pts dtherm tpr_shadow vnmi flexpriority ept vpid xsaveopt
bogomips	: 4600.26
clflush size	: 64
cache_alignment	: 64
address sizes	: 46 bits physical, 48 bits virtual
power management:

processor	: 18
vendor_id	: GenuineIntel
cpu family	: 6
model		: 45
model name	: Intel(R) Xeon(R) CPU E5-2630 0 @ 2.30GHz
stepping	: 7
microcode	: 0x710
cpu MHz		: 2599.988
cache size	: 15360 KB
physical id	: 1
siblings	: 12
core id		: 0
cpu cores	: 6
apicid		: 33
initial apicid	: 33
fpu		: yes
fpu_exception	: yes
cpuid level	: 13
wp		: yes
flags		: fpu vme de pse tsc msr pae mce cx8 apic sep mtrr pge mca cmov pat pse36 clflush dts acpi mmx fxsr sse sse2 ss ht tm pbe syscall nx pdpe1gb rdtscp lm constant_tsc arch_perfmon pebs bts rep_good nopl xtopology nonstop_tsc aperfmperf eagerfpu pni pclmulqdq dtes64 monitor ds_cpl vmx smx est tm2 ssse3 cx16 xtpr pdcm pcid dca sse4_1 sse4_2 x2apic popcnt tsc_deadline_timer aes xsave avx lahf_lm ida arat epb pln pts dtherm tpr_shadow vnmi flexpriority ept vpid xsaveopt
bogomips	: 4605.10
clflush size	: 64
cache_alignment	: 64
address sizes	: 46 bits physical, 48 bits virtual
power management:

processor	: 19
vendor_id	: GenuineIntel
cpu family	: 6
model		: 45
model name	: Intel(R) Xeon(R) CPU E5-2630 0 @ 2.30GHz
stepping	: 7
microcode	: 0x710
cpu MHz		: 2599.988
cache size	: 15360 KB
physical id	: 1
siblings	: 12
core id		: 1
cpu cores	: 6
apicid		: 35
initial apicid	: 35
fpu		: yes
fpu_exception	: yes
cpuid level	: 13
wp		: yes
flags		: fpu vme de pse tsc msr pae mce cx8 apic sep mtrr pge mca cmov pat pse36 clflush dts acpi mmx fxsr sse sse2 ss ht tm pbe syscall nx pdpe1gb rdtscp lm constant_tsc arch_perfmon pebs bts rep_good nopl xtopology nonstop_tsc aperfmperf eagerfpu pni pclmulqdq dtes64 monitor ds_cpl vmx smx est tm2 ssse3 cx16 xtpr pdcm pcid dca sse4_1 sse4_2 x2apic popcnt tsc_deadline_timer aes xsave avx lahf_lm ida arat epb pln pts dtherm tpr_shadow vnmi flexpriority ept vpid xsaveopt
bogomips	: 4605.10
clflush size	: 64
cache_alignment	: 64
address sizes	: 46 bits physical, 48 bits virtual
power management:

processor	: 20
vendor_id	: GenuineIntel
cpu family	: 6
model		: 45
model name	: Intel(R) Xeon(R) CPU E5-2630 0 @ 2.30GHz
stepping	: 7
microcode	: 0x710
cpu MHz		: 2599.988
cache size	: 15360 KB
physical id	: 1
siblings	: 12
core id		: 2
cpu cores	: 6
apicid		: 37
initial apicid	: 37
fpu		: yes
fpu_exception	: yes
cpuid level	: 13
wp		: yes
flags		: fpu vme de pse tsc msr pae mce cx8 apic sep mtrr pge mca cmov pat pse36 clflush dts acpi mmx fxsr sse sse2 ss ht tm pbe syscall nx pdpe1gb rdtscp lm constant_tsc arch_perfmon pebs bts rep_good nopl xtopology nonstop_tsc aperfmperf eagerfpu pni pclmulqdq dtes64 monitor ds_cpl vmx smx est tm2 ssse3 cx16 xtpr pdcm pcid dca sse4_1 sse4_2 x2apic popcnt tsc_deadline_timer aes xsave avx lahf_lm ida arat epb pln pts dtherm tpr_shadow vnmi flexpriority ept vpid xsaveopt
bogomips	: 4605.10
clflush size	: 64
cache_alignment	: 64
address sizes	: 46 bits physical, 48 bits virtual
power management:

processor	: 21
vendor_id	: GenuineIntel
cpu family	: 6
model		: 45
model name	: Intel(R) Xeon(R) CPU E5-2630 0 @ 2.30GHz
stepping	: 7
microcode	: 0x710
cpu MHz		: 2599.988
cache size	: 15360 KB
physical id	: 1
siblings	: 12
core id		: 3
cpu cores	: 6
apicid		: 39
initial apicid	: 39
fpu		: yes
fpu_exception	: yes
cpuid level	: 13
wp		: yes
flags		: fpu vme de pse tsc msr pae mce cx8 apic sep mtrr pge mca cmov pat pse36 clflush dts acpi mmx fxsr sse sse2 ss ht tm pbe syscall nx pdpe1gb rdtscp lm constant_tsc arch_perfmon pebs bts rep_good nopl xtopology nonstop_tsc aperfmperf eagerfpu pni pclmulqdq dtes64 monitor ds_cpl vmx smx est tm2 ssse3 cx16 xtpr pdcm pcid dca sse4_1 sse4_2 x2apic popcnt tsc_deadline_timer aes xsave avx lahf_lm ida arat epb pln pts dtherm tpr_shadow vnmi flexpriority ept vpid xsaveopt
bogomips	: 4605.10
clflush size	: 64
cache_alignment	: 64
address sizes	: 46 bits physical, 48 bits virtual
power management:

processor	: 22
vendor_id	: GenuineIntel
cpu family	: 6
model		: 45
model name	: Intel(R) Xeon(R) CPU E5-2630 0 @ 2.30GHz
stepping	: 7
microcode	: 0x710
cpu MHz		: 2599.988
cache size	: 15360 KB
physical id	: 1
siblings	: 12
core id		: 4
cpu cores	: 6
apicid		: 41
initial apicid	: 41
fpu		: yes
fpu_exception	: yes
cpuid level	: 13
wp		: yes
flags		: fpu vme de pse tsc msr pae mce cx8 apic sep mtrr pge mca cmov pat pse36 clflush dts acpi mmx fxsr sse sse2 ss ht tm pbe syscall nx pdpe1gb rdtscp lm constant_tsc arch_perfmon pebs bts rep_good nopl xtopology nonstop_tsc aperfmperf eagerfpu pni pclmulqdq dtes64 monitor ds_cpl vmx smx est tm2 ssse3 cx16 xtpr pdcm pcid dca sse4_1 sse4_2 x2apic popcnt tsc_deadline_timer aes xsave avx lahf_lm ida arat epb pln pts dtherm tpr_shadow vnmi flexpriority ept vpid xsaveopt
bogomips	: 4605.10
clflush size	: 64
cache_alignment	: 64
address sizes	: 46 bits physical, 48 bits virtual
power management:

processor	: 23
vendor_id	: GenuineIntel
cpu family	: 6
model		: 45
model name	: Intel(R) Xeon(R) CPU E5-2630 0 @ 2.30GHz
stepping	: 7
microcode	: 0x710
cpu MHz		: 2599.988
cache size	: 15360 KB
physical id	: 1
siblings	: 12
core id		: 5
cpu cores	: 6
apicid		: 43
initial apicid	: 43
fpu		: yes
fpu_exception	: yes
cpuid level	: 13
wp		: yes
flags		: fpu vme de pse tsc msr pae mce cx8 apic sep mtrr pge mca cmov pat pse36 clflush dts acpi mmx fxsr sse sse2 ss ht tm pbe syscall nx pdpe1gb rdtscp lm constant_tsc arch_perfmon pebs bts rep_good nopl xtopology nonstop_tsc aperfmperf eagerfpu pni pclmulqdq dtes64 monitor ds_cpl vmx smx est tm2 ssse3 cx16 xtpr pdcm pcid dca sse4_1 sse4_2 x2apic popcnt tsc_deadline_timer aes xsave avx lahf_lm ida arat epb pln pts dtherm tpr_shadow vnmi flexpriority ept vpid xsaveopt
bogomips	: 4605.10
clflush size	: 64
cache_alignment	: 64
address sizes	: 46 bits physical, 48 bits virtual
power management:



Memory: 4k page, physical 214408248k(1387324k free), swap 4194300k(600k free)

vm_info: OpenJDK 64-Bit Server VM (25.131-b12) for linux-amd64 JRE (1.8.0_131-b12), built on May 25 2017 17:51:34 by "mockbuild" with gcc 4.8.5 20150623 (Red Hat 4.8.5-11)

time: Tue Nov 14 18:15:16 2017
elapsed time: 0 seconds (0d 0h 0m 0s)

